<?xml version="1.0" encoding="UTF-8"?>
<!-- Generated by org.testng.reporters.JUnitReportReporter -->
<testsuite hostname="Raviraj" failures="0" tests="1" name="SE_46_FC_TestNG_API.Testng1" time="0.017" errors="0" timestamp="2023-01-16T20:09:57 IST" skipped="0">
  <testcase classname="SE_46_FC_TestNG_API.Testng1" name="testLonginWithValidCreadentials" time="0.017"/>
  <system-out/>
</testsuite> <!-- SE_46_FC_TestNG_API.Testng1 -->
